<?xml version="1.0" encoding="UTF-8"?>
<testsuite xmlns:xsi="http://www.w3.org/2001/XMLSchema-instance" xsi:noNamespaceSchemaLocation="https://maven.apache.org/surefire/maven-surefire-plugin/xsd/surefire-test-report.xsd" version="3.0.2" name="io.github.aasaru.droolsoopath.section04.StatefulPassportValidationOOTest" time="0.772" tests="2" errors="0" skipped="0" failures="0">
  <properties>
[...]
</properties>
  <testcase name="testStep1_recordSystemOut_correctOutput" classname="io.github.aasaru.droolsoopath.section04.StatefulPassportValidationOOTest" time="0.39"/>
  <testcase name="testStep2_recordSystemOut_correctOutput" classname="io.github.aasaru.droolsoopath.section04.StatefulPassportValidationOOTest" time="0.378"/>
</testsuite>