<?xml version="1.0" encoding="UTF-8"?>
<testsuite xmlns:xsi="http://www.w3.org/2001/XMLSchema-instance" xsi:noNamespaceSchemaLocation="https://maven.apache.org/surefire/maven-surefire-plugin/xsd/surefire-test-report.xsd" version="3.0.2" name="io.github.aasaru.droolsoopath.section08.FamilyVisaApplicationValidationOOTest" time="2.489" tests="7" errors="0" skipped="0" failures="0">
  <properties>
[...]
</properties>
  <testcase name="testStep3_makeEveryone3yearsYounger_bothVisaApplicationsAreMarkedInvalid" classname="io.github.aasaru.droolsoopath.section08.FamilyVisaApplicationValidationOOTest" time="0.566">
    <system-out><![CDATA[Running step 3
Do you want to make everyone 3 years younger? Enter 'yes' or 'no': Making everyone 3 years younger
Passport[no:CA-SARAH-1, name:Sarah Murphy] is now 47
Passport[no:CA-SIMON-2, name:Simon Murphy] is now 9
Passport[no:AU-EMILY-3, name:Emily Brown] is now 13
Passport[no:AU-JAMES-4, name:James Brown] is now 14
==== DROOLS SESSION START ==== 
Passport[no:CA-SARAH-1, name:Sarah Murphy] is INVALID because it is expired
Passport[no:CA-SIMON-2, name:Simon Murphy] is INVALID because it has no space for visa
Issue visa for passport number CA-SARAH-1
Issue visa for passport number CA-SIMON-2
Issue visa for passport number AU-EMILY-3
Issue visa for passport number AU-JAMES-4
Set FamilyVisaApplication[#10, CA-SARAH-1,CA-SIMON-2] invalid as it contains invalid passport
Set FamilyVisaApplication[#11, AU-EMILY-3,AU-JAMES-4] invalid as everyone is younger than 16
==== DROOLS SESSION END ==== 
==== INVALID FAMILY VISA APPLICATIONS FROM RULE UNIT === 
Invalid:FamilyVisaApplication[#10, CA-SARAH-1,CA-SIMON-2]
Invalid:FamilyVisaApplication[#11, AU-EMILY-3,AU-JAMES-4]
== Visas from rule unit == 
== Group leaders from rule unit == 
]]></system-out>
  </testcase>
  <testcase name="test_runStep1_invalidVisaApplication10isFoundTwoTimes" classname="io.github.aasaru.droolsoopath.section08.FamilyVisaApplicationValidationOOTest" time="0.527">
    <system-out><![CDATA[Running step 1
==== DROOLS SESSION START ==== 
Issue visa for passport number CA-SARAH-1
Issue visa for passport number CA-SIMON-2
Issue visa for passport number AU-EMILY-3
Issue visa for passport number AU-JAMES-4
Passport[no:CA-SARAH-1, name:Sarah Murphy] is INVALID because it is expired
Passport[no:CA-SIMON-2, name:Simon Murphy] is INVALID because it has no space for visa
Set FamilyVisaApplication[#10, CA-SARAH-1,CA-SIMON-2] invalid as it contains invalid passport
Set FamilyVisaApplication[#10, CA-SARAH-1,CA-SIMON-2] invalid as it contains invalid passport
==== DROOLS SESSION END ==== 
==== INVALID FAMILY VISA APPLICATIONS FROM RULE UNIT === 
Invalid:FamilyVisaApplication[#10, CA-SARAH-1,CA-SIMON-2]
Invalid:FamilyVisaApplication[#10, CA-SARAH-1,CA-SIMON-2]
== Visas from rule unit == 
Visa[passport:AU-EMILY-3]
Visa[passport:AU-JAMES-4]
== Group leaders from rule unit == 
]]></system-out>
  </testcase>
  <testcase name="shouldExecuteAllSteps" classname="io.github.aasaru.droolsoopath.section08.FamilyVisaApplicationValidationOOTest" time="0.959">
    <system-out><![CDATA[Running step 1
==== DROOLS SESSION START ==== 
Issue visa for passport number CA-SARAH-1
Issue visa for passport number CA-SIMON-2
Issue visa for passport number AU-EMILY-3
Issue visa for passport number AU-JAMES-4
Passport[no:CA-SARAH-1, name:Sarah Murphy] is INVALID because it is expired
Passport[no:CA-SIMON-2, name:Simon Murphy] is INVALID because it has no space for visa
Set FamilyVisaApplication[#10, CA-SARAH-1,CA-SIMON-2] invalid as it contains invalid passport
Set FamilyVisaApplication[#10, CA-SARAH-1,CA-SIMON-2] invalid as it contains invalid passport
==== DROOLS SESSION END ==== 
==== INVALID FAMILY VISA APPLICATIONS FROM RULE UNIT === 
Invalid:FamilyVisaApplication[#10, CA-SARAH-1,CA-SIMON-2]
Invalid:FamilyVisaApplication[#10, CA-SARAH-1,CA-SIMON-2]
== Visas from rule unit == 
Visa[passport:AU-EMILY-3]
Visa[passport:AU-JAMES-4]
== Group leaders from rule unit == 
Running step 2
==== DROOLS SESSION START ==== 
Passport[no:CA-SARAH-1, name:Sarah Murphy] is INVALID because it is expired
Set FamilyVisaApplication[#10, CA-SARAH-1,CA-SIMON-2] invalid as it contains invalid passport
Passport[no:CA-SIMON-2, name:Simon Murphy] is INVALID because it has no space for visa
Issue visa for passport number AU-EMILY-3
Issue visa for passport number AU-JAMES-4
==== DROOLS SESSION END ==== 
==== INVALID FAMILY VISA APPLICATIONS FROM RULE UNIT === 
Invalid:FamilyVisaApplication[#10, CA-SARAH-1,CA-SIMON-2]
== Visas from rule unit == 
Visa[passport:AU-EMILY-3]
Visa[passport:AU-JAMES-4]
== Group leaders from rule unit == 
Running step 3
Do you want to make everyone 3 years younger? Enter 'yes' or 'no': Making everyone 3 years younger
Passport[no:CA-SARAH-1, name:Sarah Murphy] is now 47
Passport[no:CA-SIMON-2, name:Simon Murphy] is now 9
Passport[no:AU-EMILY-3, name:Emily Brown] is now 13
Passport[no:AU-JAMES-4, name:James Brown] is now 14
==== DROOLS SESSION START ==== 
Passport[no:CA-SARAH-1, name:Sarah Murphy] is INVALID because it is expired
Passport[no:CA-SIMON-2, name:Simon Murphy] is INVALID because it has no space for visa
Issue visa for passport number CA-SARAH-1
Issue visa for passport number CA-SIMON-2
Issue visa for passport number AU-EMILY-3
Issue visa for passport number AU-JAMES-4
Set FamilyVisaApplication[#10, CA-SARAH-1,CA-SIMON-2] invalid as it contains invalid passport
Set FamilyVisaApplication[#11, AU-EMILY-3,AU-JAMES-4] invalid as everyone is younger than 16
==== DROOLS SESSION END ==== 
==== INVALID FAMILY VISA APPLICATIONS FROM RULE UNIT === 
Invalid:FamilyVisaApplication[#10, CA-SARAH-1,CA-SIMON-2]
Invalid:FamilyVisaApplication[#11, AU-EMILY-3,AU-JAMES-4]
== Visas from rule unit == 
== Group leaders from rule unit == 
Running step 4
==== DROOLS SESSION START ==== 
Issue visa for passport number CA-SARAH-1
Issue visa for passport number CA-SIMON-2
Issue visa for passport number AU-EMILY-3
Issue visa for passport number AU-JAMES-4
Set Passport[no:AU-JAMES-4, name:James Brown] as group leader as the oldest person in group
Passport[no:CA-SARAH-1, name:Sarah Murphy] is INVALID because it is expired
Set FamilyVisaApplication[#10, CA-SARAH-1,CA-SIMON-2] invalid as it contains invalid passport
Passport[no:CA-SIMON-2, name:Simon Murphy] is INVALID because it has no space for visa
==== DROOLS SESSION END ==== 
==== INVALID FAMILY VISA APPLICATIONS FROM RULE UNIT === 
Invalid:FamilyVisaApplication[#10, CA-SARAH-1,CA-SIMON-2]
== Visas from rule unit == 
Visa[passport:AU-EMILY-3]
Visa[passport:AU-JAMES-4]
== Group leaders from rule unit == 
Visa Application #11 group leader is James Brown
]]></system-out>
  </testcase>
  <testcase name="testStep3_doNotMakeAnyoneYounger_visaApplication11isNotMarkedInvalid" classname="io.github.aasaru.droolsoopath.section08.FamilyVisaApplicationValidationOOTest" time="0.007">
    <system-out><![CDATA[Running step 3
Do you want to make everyone 3 years younger? Enter 'yes' or 'no': ==== DROOLS SESSION START ==== 
Passport[no:CA-SARAH-1, name:Sarah Murphy] is INVALID because it is expired
Passport[no:CA-SIMON-2, name:Simon Murphy] is INVALID because it has no space for visa
Issue visa for passport number CA-SARAH-1
Issue visa for passport number CA-SIMON-2
Issue visa for passport number AU-EMILY-3
Issue visa for passport number AU-JAMES-4
Set FamilyVisaApplication[#10, CA-SARAH-1,CA-SIMON-2] invalid as it contains invalid passport
==== DROOLS SESSION END ==== 
==== INVALID FAMILY VISA APPLICATIONS FROM RULE UNIT === 
Invalid:FamilyVisaApplication[#10, CA-SARAH-1,CA-SIMON-2]
== Visas from rule unit == 
Visa[passport:AU-EMILY-3]
Visa[passport:AU-JAMES-4]
== Group leaders from rule unit == 
[Invalid:FamilyVisaApplication[#10, CA-SARAH-1,CA-SIMON-2]]
]]></system-out>
  </testcase>
  <testcase name="test_runStep2_invalidVisaApplication10isFoundOnlyOnce" classname="io.github.aasaru.droolsoopath.section08.FamilyVisaApplicationValidationOOTest" time="0.006">
    <system-out><![CDATA[Running step 2
==== DROOLS SESSION START ==== 
Passport[no:CA-SARAH-1, name:Sarah Murphy] is INVALID because it is expired
Set FamilyVisaApplication[#10, CA-SARAH-1,CA-SIMON-2] invalid as it contains invalid passport
Passport[no:CA-SIMON-2, name:Simon Murphy] is INVALID because it has no space for visa
Issue visa for passport number AU-EMILY-3
Issue visa for passport number AU-JAMES-4
==== DROOLS SESSION END ==== 
==== INVALID FAMILY VISA APPLICATIONS FROM RULE UNIT === 
Invalid:FamilyVisaApplication[#10, CA-SARAH-1,CA-SIMON-2]
== Visas from rule unit == 
Visa[passport:AU-EMILY-3]
Visa[passport:AU-JAMES-4]
== Group leaders from rule unit == 
[Invalid:FamilyVisaApplication[#10, CA-SARAH-1,CA-SIMON-2]]
]]></system-out>
  </testcase>
  <testcase name="testStep4_jamesIsSelectedAsGroupLeader" classname="io.github.aasaru.droolsoopath.section08.FamilyVisaApplicationValidationOOTest" time="0.007">
    <system-out><![CDATA[Running step 4
==== DROOLS SESSION START ==== 
Issue visa for passport number CA-SARAH-1
Issue visa for passport number CA-SIMON-2
Issue visa for passport number AU-EMILY-3
Issue visa for passport number AU-JAMES-4
Set Passport[no:AU-JAMES-4, name:James Brown] as group leader as the oldest person in group
Passport[no:CA-SARAH-1, name:Sarah Murphy] is INVALID because it is expired
Set FamilyVisaApplication[#10, CA-SARAH-1,CA-SIMON-2] invalid as it contains invalid passport
Passport[no:CA-SIMON-2, name:Simon Murphy] is INVALID because it has no space for visa
==== DROOLS SESSION END ==== 
==== INVALID FAMILY VISA APPLICATIONS FROM RULE UNIT === 
Invalid:FamilyVisaApplication[#10, CA-SARAH-1,CA-SIMON-2]
== Visas from rule unit == 
Visa[passport:AU-EMILY-3]
Visa[passport:AU-JAMES-4]
== Group leaders from rule unit == 
Visa Application #11 group leader is James Brown
[Invalid:FamilyVisaApplication[#10, CA-SARAH-1,CA-SIMON-2]]
]]></system-out>
  </testcase>
  <testcase name="testStep5_jamesIsSelectedAsGroupLeader" classname="io.github.aasaru.droolsoopath.section08.FamilyVisaApplicationValidationOOTest" time="0.407">
    <system-out><![CDATA[Running step 5
==== DROOLS SESSION START ==== 
Issue visa for passport number CA-SARAH-1
Issue visa for passport number CA-SIMON-2
Issue visa for passport number AU-EMILY-3
Issue visa for passport number AU-JAMES-4
Passport[no:CA-SARAH-1, name:Sarah Murphy] is INVALID because it is expired
Passport[no:CA-SIMON-2, name:Simon Murphy] is INVALID because it has no space for visa
Set FamilyVisaApplication[#10, CA-SARAH-1,CA-SIMON-2] invalid as it contains invalid passport
Set Passport[no:AU-JAMES-4, name:James Brown] as group leader as the oldest person in group
Everyone whose passport is in session is at least 10 years old
==== DROOLS SESSION END ==== 
==== INVALID FAMILY VISA APPLICATIONS FROM RULE UNIT === 
Invalid:FamilyVisaApplication[#10, CA-SARAH-1,CA-SIMON-2]
== Visas from rule unit == 
Visa[passport:AU-EMILY-3]
Visa[passport:AU-JAMES-4]
== Group leaders from rule unit == 
Visa Application #11 group leader is James Brown
[Invalid:FamilyVisaApplication[#10, CA-SARAH-1,CA-SIMON-2]]
]]></system-out>
  </testcase>
</testsuite>