<?xml version="1.0" encoding="UTF-8"?>
<testsuite xmlns:xsi="http://www.w3.org/2001/XMLSchema-instance" xsi:noNamespaceSchemaLocation="https://maven.apache.org/surefire/maven-surefire-plugin/xsd/surefire-test-report.xsd" version="3.0.2" name="io.github.aasaru.drools.section06.VisaIssueTest" time="1.496" tests="8" errors="0" skipped="0" failures="0">
  <properties>
[...]
</properties>
  <testcase name="testStep3_exactlyOneVisaIsIssued" classname="io.github.aasaru.drools.section06.VisaIssueTest" time="0.18">
    <system-out><![CDATA[Running step 3
==== DROOLS SESSION START ==== 
==> AgendaGroup 'issue-visa' pushed to stack 
==> AgendaGroup 'valid-application' pushed to stack 
==> AgendaGroup 'invalid-application' pushed to stack 
==> AgendaGroup 'valid-passport' pushed to stack 
==> AgendaGroup 'invalid-passport' pushed to stack 
Passport[no:CA-SARAH-1, name:Sarah Murphy] is INVALID because it is expired
Passport[no:CA-SIMON-2, name:Simon Murphy] is INVALID because it has no space for visa
==> AgendaGroup 'invalid-passport' popped from stack 
Passport[no:AU-EMILY-3, name:Emily Brown] is without validation info, consider OK for now
Passport[no:AU-JAMES-4, name:James Brown] is without validation info, consider OK for now
==> AgendaGroup 'valid-passport' popped from stack 
Set VisaApplication(#1, pass:CA-SARAH-1) invalid as Passport[no:CA-SARAH-1, name:Sarah Murphy] hasn't passed validation
Set VisaApplication(#2, pass:CA-SIMON-2) invalid as Passport[no:CA-SIMON-2, name:Simon Murphy] hasn't passed validation
Set VisaApplication(#4, pass:AU-JAMES-4) invalid as Passport[no:AU-JAMES-4, name:James Brown] not valid 6 months after visit
==> AgendaGroup 'invalid-application' popped from stack 
VisaApplication(#3, pass:AU-EMILY-3) is without validation info, consider OK for now
==> AgendaGroup 'valid-application' popped from stack 
Issue Visa[passport:AU-EMILY-3]
==> AgendaGroup 'issue-visa' popped from stack 
==== DROOLS SESSION END ==== 
== Visas from session == 
Visa[passport:AU-EMILY-3]
]]></system-out>
  </testcase>
  <testcase name="testStep2_exactlyOneVisaIsIssued" classname="io.github.aasaru.drools.section06.VisaIssueTest" time="0.139">
    <system-out><![CDATA[Running step 2
==== DROOLS SESSION START ==== 
Passport[no:CA-SARAH-1, name:Sarah Murphy] is INVALID because it is expired
Passport[no:CA-SIMON-2, name:Simon Murphy] is INVALID because it has no space for visa
Passport[no:AU-EMILY-3, name:Emily Brown] is without validation info, consider OK for now
Passport[no:AU-JAMES-4, name:James Brown] is without validation info, consider OK for now
Set VisaApplication(#1, pass:CA-SARAH-1) invalid as Passport[no:CA-SARAH-1, name:Sarah Murphy] hasn't passed validation
Set VisaApplication(#2, pass:CA-SIMON-2) invalid as Passport[no:CA-SIMON-2, name:Simon Murphy] hasn't passed validation
Set VisaApplication(#4, pass:AU-JAMES-4) invalid as Passport[no:AU-JAMES-4, name:James Brown] not valid 6 months after visit
VisaApplication(#3, pass:AU-EMILY-3) is without validation info, consider OK for now
Issue Visa[passport:AU-EMILY-3]
==== DROOLS SESSION END ==== 
== Visas from session == 
Visa[passport:AU-EMILY-3]
]]></system-out>
  </testcase>
  <testcase name="testStep4" classname="io.github.aasaru.drools.section06.VisaIssueTest" time="0.228">
    <system-out><![CDATA[Running step 4
==== DROOLS SESSION START ==== 
==> AgendaGroup 'issue-visa' pushed to stack 
==> AgendaGroup 'validate-application' pushed to stack 
==> AgendaGroup 'validate-passport' pushed to stack 
Passport[no:CA-SARAH-1, name:Sarah Murphy] is INVALID because it is expired
Passport[no:CA-SIMON-2, name:Simon Murphy] is INVALID because it has no space for visa
Passport[no:AU-EMILY-3, name:Emily Brown] is without validation info, consider OK for now
Passport[no:AU-JAMES-4, name:James Brown] is without validation info, consider OK for now
==> AgendaGroup 'validate-passport' popped from stack 
Set VisaApplication(#1, pass:CA-SARAH-1) invalid as Passport[no:CA-SARAH-1, name:Sarah Murphy] hasn't passed validation
Set VisaApplication(#2, pass:CA-SIMON-2) invalid as Passport[no:CA-SIMON-2, name:Simon Murphy] hasn't passed validation
Set VisaApplication(#4, pass:AU-JAMES-4) invalid as Passport[no:AU-JAMES-4, name:James Brown] not valid 6 months after visit
VisaApplication(#3, pass:AU-EMILY-3) is without validation info, consider OK for now
==> AgendaGroup 'validate-application' popped from stack 
Issue Visa[passport:AU-EMILY-3]
==> AgendaGroup 'issue-visa' popped from stack 
==== DROOLS SESSION END ==== 
== Visas from session == 
Visa[passport:AU-EMILY-3]
]]></system-out>
  </testcase>
  <testcase name="testStep6" classname="io.github.aasaru.drools.section06.VisaIssueTest" time="0.241">
    <system-out><![CDATA[Running step 6
==== DROOLS SESSION START ==== 
==> AgendaGroup 'validate-passport' pushed to stack 
Passport[no:CA-SARAH-1, name:Sarah Murphy] is INVALID because it is expired
Passport[no:CA-SIMON-2, name:Simon Murphy] is INVALID because it has no space for visa
Passport[no:AU-EMILY-3, name:Emily Brown] is without validation info, consider OK for now
Passport[no:AU-JAMES-4, name:James Brown] is without validation info, consider OK for now
==> AgendaGroup 'validate-passport' popped from stack 
There are no more passports without validation info
==> AgendaGroup 'validate-application' pushed to stack 
Set VisaApplication(#1, pass:CA-SARAH-1) invalid as Passport[no:CA-SARAH-1, name:Sarah Murphy] hasn't passed validation
Set VisaApplication(#2, pass:CA-SIMON-2) invalid as Passport[no:CA-SIMON-2, name:Simon Murphy] hasn't passed validation
Set VisaApplication(#4, pass:AU-JAMES-4) invalid as Passport[no:AU-JAMES-4, name:James Brown] not valid 6 months after visit
VisaApplication(#3, pass:AU-EMILY-3) is without validation info, consider OK for now
==> AgendaGroup 'validate-application' popped from stack 
There are no more visa applications without validation info
==> AgendaGroup 'issue-visa' pushed to stack 
Issue Visa[passport:AU-EMILY-3]
==> AgendaGroup 'issue-visa' popped from stack 
==== DROOLS SESSION END ==== 
== Visas from session == 
Visa[passport:AU-EMILY-3]
]]></system-out>
  </testcase>
  <testcase name="shouldExecuteAllSteps" classname="io.github.aasaru.drools.section06.VisaIssueTest" time="0.581">
    <system-out><![CDATA[Running step 1
==== DROOLS SESSION START ==== 
Passport[no:CA-SARAH-1, name:Sarah Murphy] is without validation info, consider OK for now
Passport[no:CA-SIMON-2, name:Simon Murphy] is without validation info, consider OK for now
Passport[no:AU-EMILY-3, name:Emily Brown] is without validation info, consider OK for now
Passport[no:AU-JAMES-4, name:James Brown] is without validation info, consider OK for now
Passport[no:CA-SARAH-1, name:Sarah Murphy] is INVALID because it is expired
Passport[no:CA-SIMON-2, name:Simon Murphy] is INVALID because it has no space for visa
Set VisaApplication(#1, pass:CA-SARAH-1) invalid as Passport[no:CA-SARAH-1, name:Sarah Murphy] hasn't passed validation
Set VisaApplication(#2, pass:CA-SIMON-2) invalid as Passport[no:CA-SIMON-2, name:Simon Murphy] hasn't passed validation
VisaApplication(#3, pass:AU-EMILY-3) is without validation info, consider OK for now
Issue Visa[passport:AU-EMILY-3]
VisaApplication(#4, pass:AU-JAMES-4) is without validation info, consider OK for now
Issue Visa[passport:AU-JAMES-4]
Set VisaApplication(#4, pass:AU-JAMES-4) invalid as Passport[no:AU-JAMES-4, name:James Brown] not valid 6 months after visit
==== DROOLS SESSION END ==== 
== Visas from session == 
Visa[passport:AU-EMILY-3]
Visa[passport:AU-JAMES-4]
Running step 2
==== DROOLS SESSION START ==== 
Passport[no:CA-SARAH-1, name:Sarah Murphy] is INVALID because it is expired
Passport[no:CA-SIMON-2, name:Simon Murphy] is INVALID because it has no space for visa
Passport[no:AU-EMILY-3, name:Emily Brown] is without validation info, consider OK for now
Passport[no:AU-JAMES-4, name:James Brown] is without validation info, consider OK for now
Set VisaApplication(#1, pass:CA-SARAH-1) invalid as Passport[no:CA-SARAH-1, name:Sarah Murphy] hasn't passed validation
Set VisaApplication(#2, pass:CA-SIMON-2) invalid as Passport[no:CA-SIMON-2, name:Simon Murphy] hasn't passed validation
Set VisaApplication(#4, pass:AU-JAMES-4) invalid as Passport[no:AU-JAMES-4, name:James Brown] not valid 6 months after visit
VisaApplication(#3, pass:AU-EMILY-3) is without validation info, consider OK for now
Issue Visa[passport:AU-EMILY-3]
==== DROOLS SESSION END ==== 
== Visas from session == 
Visa[passport:AU-EMILY-3]
Running step 3
==== DROOLS SESSION START ==== 
==> AgendaGroup 'issue-visa' pushed to stack 
==> AgendaGroup 'valid-application' pushed to stack 
==> AgendaGroup 'invalid-application' pushed to stack 
==> AgendaGroup 'valid-passport' pushed to stack 
==> AgendaGroup 'invalid-passport' pushed to stack 
Passport[no:CA-SARAH-1, name:Sarah Murphy] is INVALID because it is expired
Passport[no:CA-SIMON-2, name:Simon Murphy] is INVALID because it has no space for visa
==> AgendaGroup 'invalid-passport' popped from stack 
Passport[no:AU-EMILY-3, name:Emily Brown] is without validation info, consider OK for now
Passport[no:AU-JAMES-4, name:James Brown] is without validation info, consider OK for now
==> AgendaGroup 'valid-passport' popped from stack 
Set VisaApplication(#1, pass:CA-SARAH-1) invalid as Passport[no:CA-SARAH-1, name:Sarah Murphy] hasn't passed validation
Set VisaApplication(#2, pass:CA-SIMON-2) invalid as Passport[no:CA-SIMON-2, name:Simon Murphy] hasn't passed validation
Set VisaApplication(#4, pass:AU-JAMES-4) invalid as Passport[no:AU-JAMES-4, name:James Brown] not valid 6 months after visit
==> AgendaGroup 'invalid-application' popped from stack 
VisaApplication(#3, pass:AU-EMILY-3) is without validation info, consider OK for now
==> AgendaGroup 'valid-application' popped from stack 
Issue Visa[passport:AU-EMILY-3]
==> AgendaGroup 'issue-visa' popped from stack 
==== DROOLS SESSION END ==== 
== Visas from session == 
Visa[passport:AU-EMILY-3]
Running step 4
==== DROOLS SESSION START ==== 
==> AgendaGroup 'issue-visa' pushed to stack 
==> AgendaGroup 'validate-application' pushed to stack 
==> AgendaGroup 'validate-passport' pushed to stack 
Passport[no:CA-SARAH-1, name:Sarah Murphy] is INVALID because it is expired
Passport[no:CA-SIMON-2, name:Simon Murphy] is INVALID because it has no space for visa
Passport[no:AU-EMILY-3, name:Emily Brown] is without validation info, consider OK for now
Passport[no:AU-JAMES-4, name:James Brown] is without validation info, consider OK for now
==> AgendaGroup 'validate-passport' popped from stack 
Set VisaApplication(#1, pass:CA-SARAH-1) invalid as Passport[no:CA-SARAH-1, name:Sarah Murphy] hasn't passed validation
Set VisaApplication(#2, pass:CA-SIMON-2) invalid as Passport[no:CA-SIMON-2, name:Simon Murphy] hasn't passed validation
Set VisaApplication(#4, pass:AU-JAMES-4) invalid as Passport[no:AU-JAMES-4, name:James Brown] not valid 6 months after visit
VisaApplication(#3, pass:AU-EMILY-3) is without validation info, consider OK for now
==> AgendaGroup 'validate-application' popped from stack 
Issue Visa[passport:AU-EMILY-3]
==> AgendaGroup 'issue-visa' popped from stack 
==== DROOLS SESSION END ==== 
== Visas from session == 
Visa[passport:AU-EMILY-3]
Running step 5
Do you want to set all passports as expired? Enter 'yes' or 'no': Setting all passports as expired before Drools session starts
==== DROOLS SESSION START ==== 
==> AgendaGroup 'issue-visa' pushed to stack 
==> AgendaGroup 'validate-application' pushed to stack 
==> AgendaGroup 'validate-passport' pushed to stack 
Passport[no:CA-SARAH-1, name:Sarah Murphy] is INVALID because it is expired
Passport[no:CA-SIMON-2, name:Simon Murphy] is INVALID because it is expired
Passport[no:AU-EMILY-3, name:Emily Brown] is INVALID because it is expired
Passport[no:AU-JAMES-4, name:James Brown] is INVALID because it is expired
==> AgendaGroup 'validate-passport' popped from stack 
Set VisaApplication(#1, pass:CA-SARAH-1) invalid as Passport[no:CA-SARAH-1, name:Sarah Murphy] hasn't passed validation
Set VisaApplication(#2, pass:CA-SIMON-2) invalid as Passport[no:CA-SIMON-2, name:Simon Murphy] hasn't passed validation
Set VisaApplication(#3, pass:AU-EMILY-3) invalid as Passport[no:AU-EMILY-3, name:Emily Brown] hasn't passed validation
Set VisaApplication(#4, pass:AU-JAMES-4) invalid as Passport[no:AU-JAMES-4, name:James Brown] hasn't passed validation
==> AgendaGroup 'validate-application' popped from stack 
==> AgendaGroup 'issue-visa' popped from stack 
Conclusion: no visas were issued
==== DROOLS SESSION END ==== 
== Visas from session == 
Running step 6
==== DROOLS SESSION START ==== 
==> AgendaGroup 'validate-passport' pushed to stack 
Passport[no:CA-SARAH-1, name:Sarah Murphy] is INVALID because it is expired
Passport[no:CA-SIMON-2, name:Simon Murphy] is INVALID because it has no space for visa
Passport[no:AU-EMILY-3, name:Emily Brown] is without validation info, consider OK for now
Passport[no:AU-JAMES-4, name:James Brown] is without validation info, consider OK for now
==> AgendaGroup 'validate-passport' popped from stack 
There are no more passports without validation info
==> AgendaGroup 'validate-application' pushed to stack 
Set VisaApplication(#1, pass:CA-SARAH-1) invalid as Passport[no:CA-SARAH-1, name:Sarah Murphy] hasn't passed validation
Set VisaApplication(#2, pass:CA-SIMON-2) invalid as Passport[no:CA-SIMON-2, name:Simon Murphy] hasn't passed validation
Set VisaApplication(#4, pass:AU-JAMES-4) invalid as Passport[no:AU-JAMES-4, name:James Brown] not valid 6 months after visit
VisaApplication(#3, pass:AU-EMILY-3) is without validation info, consider OK for now
==> AgendaGroup 'validate-application' popped from stack 
There are no more visa applications without validation info
==> AgendaGroup 'issue-visa' pushed to stack 
Issue Visa[passport:AU-EMILY-3]
==> AgendaGroup 'issue-visa' popped from stack 
==== DROOLS SESSION END ==== 
== Visas from session == 
Visa[passport:AU-EMILY-3]
]]></system-out>
  </testcase>
  <testcase name="testStep1_ruleExecutionOrderAffectsResult_oneOrTwoOrFourVisasAreIssued" classname="io.github.aasaru.drools.section06.VisaIssueTest" time="0.049">
    <system-out><![CDATA[Running step 1
==== DROOLS SESSION START ==== 
Passport[no:CA-SARAH-1, name:Sarah Murphy] is without validation info, consider OK for now
Passport[no:CA-SIMON-2, name:Simon Murphy] is without validation info, consider OK for now
Passport[no:AU-EMILY-3, name:Emily Brown] is without validation info, consider OK for now
Passport[no:AU-JAMES-4, name:James Brown] is without validation info, consider OK for now
Passport[no:CA-SARAH-1, name:Sarah Murphy] is INVALID because it is expired
Passport[no:CA-SIMON-2, name:Simon Murphy] is INVALID because it has no space for visa
Set VisaApplication(#1, pass:CA-SARAH-1) invalid as Passport[no:CA-SARAH-1, name:Sarah Murphy] hasn't passed validation
Set VisaApplication(#2, pass:CA-SIMON-2) invalid as Passport[no:CA-SIMON-2, name:Simon Murphy] hasn't passed validation
VisaApplication(#3, pass:AU-EMILY-3) is without validation info, consider OK for now
Issue Visa[passport:AU-EMILY-3]
VisaApplication(#4, pass:AU-JAMES-4) is without validation info, consider OK for now
Issue Visa[passport:AU-JAMES-4]
Set VisaApplication(#4, pass:AU-JAMES-4) invalid as Passport[no:AU-JAMES-4, name:James Brown] not valid 6 months after visit
==== DROOLS SESSION END ==== 
== Visas from session == 
Visa[passport:AU-JAMES-4]
Visa[passport:AU-EMILY-3]
]]></system-out>
  </testcase>
  <testcase name="testStep5_yesAnswer" classname="io.github.aasaru.drools.section06.VisaIssueTest" time="0.015">
    <system-out><![CDATA[Running step 5
Do you want to set all passports as expired? Enter 'yes' or 'no': Setting all passports as expired before Drools session starts
==== DROOLS SESSION START ==== 
==> AgendaGroup 'issue-visa' pushed to stack 
==> AgendaGroup 'validate-application' pushed to stack 
==> AgendaGroup 'validate-passport' pushed to stack 
Passport[no:CA-SARAH-1, name:Sarah Murphy] is INVALID because it is expired
Passport[no:CA-SIMON-2, name:Simon Murphy] is INVALID because it is expired
Passport[no:AU-EMILY-3, name:Emily Brown] is INVALID because it is expired
Passport[no:AU-JAMES-4, name:James Brown] is INVALID because it is expired
==> AgendaGroup 'validate-passport' popped from stack 
Set VisaApplication(#1, pass:CA-SARAH-1) invalid as Passport[no:CA-SARAH-1, name:Sarah Murphy] hasn't passed validation
Set VisaApplication(#2, pass:CA-SIMON-2) invalid as Passport[no:CA-SIMON-2, name:Simon Murphy] hasn't passed validation
Set VisaApplication(#3, pass:AU-EMILY-3) invalid as Passport[no:AU-EMILY-3, name:Emily Brown] hasn't passed validation
Set VisaApplication(#4, pass:AU-JAMES-4) invalid as Passport[no:AU-JAMES-4, name:James Brown] hasn't passed validation
==> AgendaGroup 'validate-application' popped from stack 
==> AgendaGroup 'issue-visa' popped from stack 
Conclusion: no visas were issued
==== DROOLS SESSION END ==== 
== Visas from session == 
]]></system-out>
  </testcase>
  <testcase name="testStep5_noAnswer" classname="io.github.aasaru.drools.section06.VisaIssueTest" time="0.051">
    <system-out><![CDATA[Running step 5
Do you want to set all passports as expired? Enter 'yes' or 'no': ==== DROOLS SESSION START ==== 
==> AgendaGroup 'issue-visa' pushed to stack 
==> AgendaGroup 'validate-application' pushed to stack 
==> AgendaGroup 'validate-passport' pushed to stack 
Passport[no:CA-SARAH-1, name:Sarah Murphy] is INVALID because it is expired
Passport[no:CA-SIMON-2, name:Simon Murphy] is without validation info, consider OK for now
Passport[no:AU-EMILY-3, name:Emily Brown] is without validation info, consider OK for now
Passport[no:AU-JAMES-4, name:James Brown] is without validation info, consider OK for now
==> AgendaGroup 'validate-passport' popped from stack 
Set VisaApplication(#1, pass:CA-SARAH-1) invalid as Passport[no:CA-SARAH-1, name:Sarah Murphy] hasn't passed validation
Set VisaApplication(#4, pass:AU-JAMES-4) invalid as Passport[no:AU-JAMES-4, name:James Brown] not valid 6 months after visit
VisaApplication(#2, pass:CA-SIMON-2) is without validation info, consider OK for now
VisaApplication(#3, pass:AU-EMILY-3) is without validation info, consider OK for now
==> AgendaGroup 'validate-application' popped from stack 
Issue Visa[passport:CA-SIMON-2]
Issue Visa[passport:AU-EMILY-3]
==> AgendaGroup 'issue-visa' popped from stack 
Conclusion: at least one visa was issued
==== DROOLS SESSION END ==== 
== Visas from session == 
Visa[passport:AU-EMILY-3]
Visa[passport:CA-SIMON-2]
]]></system-out>
  </testcase>
</testsuite>